New log file opened at Fri Apr 01 14:52:01 CST 2016 by 3264@YWPdeMBP.local
Taking next connection to: 54685
New client attempting to connect on port: 54686-54685
  Address = /192.168.0.115:54685
This client on port 54686 has uuid a10885ec-33ca-4f82-b226-f0e32687aee2 configName activator humanReadableName Activator protocolVersion 3 featureTags Vector()
Connected Clients: activator-a10885ec-33ca-4f82-b226-f0e32687aee2
Taking next connection to: 54685
New client attempting to connect on port: 54688-54685
  Address = /192.168.0.115:54685
Handshake exception on socket: 54688
sbt.impl.ipc.HandshakeException: Unable to perform handshake
	at sbt.impl.ipc.Peer.handshake(IPC.scala:46)
	at sbt.impl.ipc.MultiClientServer.<init>(IPC.scala:150)
	at sbt.server.SbtServerSocketHandler$$anon$1.run(SbtServerSocketHandler.scala:43)
Caused by: java.io.EOFException
	at java.io.DataInputStream.readInt(DataInputStream.java:392)
	at sbt.impl.ipc.Peer.receive(IPC.scala:95)
	at sbt.impl.ipc.Peer.handshake(IPC.scala:49)
	... 2 more
Taking next connection to: 54685
New client attempting to connect on port: 54689-54685
  Address = /192.168.0.115:54685
This client on port 54689 has uuid a6614390-c04b-442a-96b1-5ed92e700e12 configName play-fork-run humanReadableName Play Fork Run protocolVersion 1 featureTags Vector()
Connected Clients: activator-a10885ec-33ca-4f82-b226-f0e32687aee2, play-fork-run-a6614390-c04b-442a-96b1-5ed92e700e12
Taking next connection to: 54685
